<?xml version="1.0" encoding="UTF-8"?>
<!-- Generated by org.testng.reporters.JUnitXMLReporter -->
<testsuite ignored="0" hostname="DESKTOP-J8OGLUC" failures="0" tests="5" name="Default test" time="57.649" errors="0" timestamp="2023-07-22T16:52:34 IST">
  <testcase classname="test.Test_Cases_Standard_Item" name="login_banglore" time="12.424"/>
  <testcase classname="test.Test_Cases_Standard_Item" name="click_on_items" time="10.283"/>
  <testcase classname="test.Test_Cases_Standard_Item" name="standard_item_created" time="33.915"/>
  <testcase classname="test.Test_Cases_Standard_Item" name="standard_item_updated" time="0.0"/>
  <testcase classname="test.Test_Cases_Standard_Item" name="standard_item_deleted" time="0.0"/>
</testsuite> <!-- Default test -->
