<?xml version="1.0" encoding="UTF-8"?>
<testng-results ignored="0" total="5" passed="5" failed="0" skipped="0">
  <reporter-output>
  </reporter-output>
  <suite started-at="2023-07-22T16:51:36 IST" name="Default suite" finished-at="2023-07-22T16:52:33 IST" duration-ms="57649">
    <groups>
    </groups>
    <test started-at="2023-07-22T16:51:36 IST" name="Default test" finished-at="2023-07-22T16:52:33 IST" duration-ms="57649">
      <class name="test.Test_Cases_Standard_Item">
        <test-method is-config="true" signature="browser()[pri:0, instance:test.Test_Cases_Standard_Item@3f191845]" started-at="2023-07-22T16:51:01 IST" name="browser" finished-at="2023-07-22T16:51:35 IST" duration-ms="34003" status="PASS">
          <reporter-output>
          </reporter-output>
        </test-method> <!-- browser -->
        <test-method is-config="true" signature="object()[pri:0, instance:test.Test_Cases_Standard_Item@3f191845]" started-at="2023-07-22T16:51:36 IST" name="object" finished-at="2023-07-22T16:51:37 IST" duration-ms="532" status="PASS">
          <reporter-output>
          </reporter-output>
        </test-method> <!-- object -->
        <test-method signature="login_banglore()[pri:1, instance:test.Test_Cases_Standard_Item@3f191845]" started-at="2023-07-22T16:51:37 IST" name="login_banglore" finished-at="2023-07-22T16:51:49 IST" duration-ms="12424" status="PASS">
          <reporter-output>
          </reporter-output>
        </test-method> <!-- login_banglore -->
        <test-method signature="click_on_items()[pri:2, instance:test.Test_Cases_Standard_Item@3f191845]" started-at="2023-07-22T16:51:49 IST" name="click_on_items" finished-at="2023-07-22T16:51:59 IST" duration-ms="10283" status="PASS">
          <reporter-output>
          </reporter-output>
        </test-method> <!-- click_on_items -->
        <test-method signature="standard_item_created()[pri:3, instance:test.Test_Cases_Standard_Item@3f191845]" started-at="2023-07-22T16:51:59 IST" name="standard_item_created" finished-at="2023-07-22T16:52:33 IST" duration-ms="33915" status="PASS">
          <reporter-output>
          </reporter-output>
        </test-method> <!-- standard_item_created -->
        <test-method signature="standard_item_updated()[pri:4, instance:test.Test_Cases_Standard_Item@3f191845]" started-at="2023-07-22T16:52:33 IST" name="standard_item_updated" finished-at="2023-07-22T16:52:33 IST" duration-ms="0" status="PASS">
          <reporter-output>
          </reporter-output>
        </test-method> <!-- standard_item_updated -->
        <test-method signature="standard_item_deleted()[pri:5, instance:test.Test_Cases_Standard_Item@3f191845]" started-at="2023-07-22T16:52:33 IST" name="standard_item_deleted" finished-at="2023-07-22T16:52:33 IST" duration-ms="0" status="PASS">
          <reporter-output>
          </reporter-output>
        </test-method> <!-- standard_item_deleted -->
        <test-method is-config="true" signature="closebrowser()[pri:0, instance:test.Test_Cases_Standard_Item@3f191845]" started-at="2023-07-22T16:52:34 IST" name="closebrowser" finished-at="2023-07-22T16:52:34 IST" duration-ms="656" status="PASS">
          <reporter-output>
          </reporter-output>
        </test-method> <!-- closebrowser -->
      </class> <!-- test.Test_Cases_Standard_Item -->
    </test> <!-- Default test -->
  </suite> <!-- Default suite -->
</testng-results>
